-- The CXX compiler identification is GNU 7.2.1
-- Check for working CXX compiler: /mnt/LIN_BUILD/src/Arduino-CMake-toolchain/Arduino-CMake-toolchain/Tests-build/build/Arrow.samd.2/_pkg_mgr/packages/arduino/tools/arm-none-eabi-gcc/7-2017q4/bin/arm-none-eabi-g++
-- Check for working CXX compiler: /mnt/LIN_BUILD/src/Arduino-CMake-toolchain/Arduino-CMake-toolchain/Tests-build/build/Arrow.samd.2/_pkg_mgr/packages/arduino/tools/arm-none-eabi-gcc/7-2017q4/bin/arm-none-eabi-g++ - works
-- Detecting CXX compiler ABI info
-- Detecting CXX compiler ABI info - done
-- Detecting CXX compile features
-- Detecting CXX compile features - done
-- The ASM compiler identification is GNU
-- Found assembler: /mnt/LIN_BUILD/src/Arduino-CMake-toolchain/Arduino-CMake-toolchain/Tests-build/build/Arrow.samd.2/_pkg_mgr/packages/arduino/tools/arm-none-eabi-gcc/7-2017q4/bin/arm-none-eabi-gcc
-- The C compiler identification is GNU 7.2.1
-- Check for working C compiler: /mnt/LIN_BUILD/src/Arduino-CMake-toolchain/Arduino-CMake-toolchain/Tests-build/build/Arrow.samd.2/_pkg_mgr/packages/arduino/tools/arm-none-eabi-gcc/7-2017q4/bin/arm-none-eabi-gcc
-- Check for working C compiler: /mnt/LIN_BUILD/src/Arduino-CMake-toolchain/Arduino-CMake-toolchain/Tests-build/build/Arrow.samd.2/_pkg_mgr/packages/arduino/tools/arm-none-eabi-gcc/7-2017q4/bin/arm-none-eabi-gcc - works
-- Detecting C compiler ABI info
-- Detecting C compiler ABI info - done
-- Detecting C compile features
-- Detecting C compile features - done
-- Configuring done
-- Generating done
-- Build files have been written to: /mnt/LIN_BUILD/src/Arduino-CMake-toolchain/Arduino-CMake-toolchain/Tests-build/build/Arrow.samd.2/samd.SmartEverything_Fox3_native
/mnt/LIN_BUILD/cmake-3.17.0-rc3-Linux-x86_64/bin/cmake -S/mnt/LIN_BUILD/src/Arduino-CMake-toolchain/Arduino-CMake-toolchain/Examples/01_hello_world -B/mnt/LIN_BUILD/src/Arduino-CMake-toolchain/Arduino-CMake-toolchain/Tests-build/build/Arrow.samd.2/samd.SmartEverything_Fox3_native --check-build-system CMakeFiles/Makefile.cmake 0
/mnt/LIN_BUILD/cmake-3.17.0-rc3-Linux-x86_64/bin/cmake -E cmake_progress_start /mnt/LIN_BUILD/src/Arduino-CMake-toolchain/Arduino-CMake-toolchain/Tests-build/build/Arrow.samd.2/samd.SmartEverything_Fox3_native/CMakeFiles /mnt/LIN_BUILD/src/Arduino-CMake-toolchain/Arduino-CMake-toolchain/Tests-build/build/Arrow.samd.2/samd.SmartEverything_Fox3_native/CMakeFiles/progress.marks
/usr/bin/make -f CMakeFiles/Makefile2 all
make[1]: Entering directory '/mnt/LIN_BUILD/src/Arduino-CMake-toolchain/Arduino-CMake-toolchain/Tests-build/build/Arrow.samd.2/samd.SmartEverything_Fox3_native'
/usr/bin/make -f CMakeFiles/_arduino_lib_core_cobjects_.dir/build.make CMakeFiles/_arduino_lib_core_cobjects_.dir/depend
make[2]: Entering directory '/mnt/LIN_BUILD/src/Arduino-CMake-toolchain/Arduino-CMake-toolchain/Tests-build/build/Arrow.samd.2/samd.SmartEverything_Fox3_native'
cd /mnt/LIN_BUILD/src/Arduino-CMake-toolchain/Arduino-CMake-toolchain/Tests-build/build/Arrow.samd.2/samd.SmartEverything_Fox3_native && /mnt/LIN_BUILD/cmake-3.17.0-rc3-Linux-x86_64/bin/cmake -E cmake_depends "Unix Makefiles" /mnt/LIN_BUILD/src/Arduino-CMake-toolchain/Arduino-CMake-toolchain/Examples/01_hello_world /mnt/LIN_BUILD/src/Arduino-CMake-toolchain/Arduino-CMake-toolchain/Examples/01_hello_world /mnt/LIN_BUILD/src/Arduino-CMake-toolchain/Arduino-CMake-toolchain/Tests-build/build/Arrow.samd.2/samd.SmartEverything_Fox3_native /mnt/LIN_BUILD/src/Arduino-CMake-toolchain/Arduino-CMake-toolchain/Tests-build/build/Arrow.samd.2/samd.SmartEverything_Fox3_native /mnt/LIN_BUILD/src/Arduino-CMake-toolchain/Arduino-CMake-toolchain/Tests-build/build/Arrow.samd.2/samd.SmartEverything_Fox3_native/CMakeFiles/_arduino_lib_core_cobjects_.dir/DependInfo.cmake --color=
Dependee "/mnt/LIN_BUILD/src/Arduino-CMake-toolchain/Arduino-CMake-toolchain/Tests-build/build/Arrow.samd.2/samd.SmartEverything_Fox3_native/CMakeFiles/_arduino_lib_core_cobjects_.dir/DependInfo.cmake" is newer than depender "/mnt/LIN_BUILD/src/Arduino-CMake-toolchain/Arduino-CMake-toolchain/Tests-build/build/Arrow.samd.2/samd.SmartEverything_Fox3_native/CMakeFiles/_arduino_lib_core_cobjects_.dir/depend.internal".
Dependee "/mnt/LIN_BUILD/src/Arduino-CMake-toolchain/Arduino-CMake-toolchain/Tests-build/build/Arrow.samd.2/samd.SmartEverything_Fox3_native/CMakeFiles/CMakeDirectoryInformation.cmake" is newer than depender "/mnt/LIN_BUILD/src/Arduino-CMake-toolchain/Arduino-CMake-toolchain/Tests-build/build/Arrow.samd.2/samd.SmartEverything_Fox3_native/CMakeFiles/_arduino_lib_core_cobjects_.dir/depend.internal".
Scanning dependencies of target _arduino_lib_core_cobjects_
make[2]: Leaving directory '/mnt/LIN_BUILD/src/Arduino-CMake-toolchain/Arduino-CMake-toolchain/Tests-build/build/Arrow.samd.2/samd.SmartEverything_Fox3_native'
/usr/bin/make -f CMakeFiles/_arduino_lib_core_cobjects_.dir/build.make CMakeFiles/_arduino_lib_core_cobjects_.dir/build
make[2]: Entering directory '/mnt/LIN_BUILD/src/Arduino-CMake-toolchain/Arduino-CMake-toolchain/Tests-build/build/Arrow.samd.2/samd.SmartEverything_Fox3_native'
[  3%] Building ASM object CMakeFiles/_arduino_lib_core_cobjects_.dir/mnt/LIN_BUILD/src/Arduino-CMake-toolchain/Arduino-CMake-toolchain/Tests-build/build/Arrow.samd.2/_pkg_mgr/packages/arduino/hardware/samd/1.8.6/cores/arduino/pulse_asm.S.obj
/mnt/LIN_BUILD/src/Arduino-CMake-toolchain/Arduino-CMake-toolchain/Tests-build/build/Arrow.samd.2/_pkg_mgr/packages/arduino/tools/arm-none-eabi-gcc/7-2017q4/bin/arm-none-eabi-gcc  -c -g -x assembler-with-cpp -MMD -DF_CPU=48000000L -DARDUINO=10812 -DARDUINO_SAMD_SMARTEVERYTHING_BEE -DARDUINO_ARCH_SAMD  -D__SAMD21J18A__ -DUSB_VID=0x2341 -DUSB_PID=0xe008 -DUSBCON "-DUSB_MANUFACTURER=\"Arrows\"" "-DUSB_PRODUCT=\"SmartEverything Bee\"" -I/mnt/LIN_BUILD/src/Arduino-CMake-toolchain/Arduino-CMake-toolchain/Tests-build/build/Arrow.samd.2/_pkg_mgr/packages/arduino/tools/CMSIS/4.5.0/CMSIS/Include/ -I/mnt/LIN_BUILD/src/Arduino-CMake-toolchain/Arduino-CMake-toolchain/Tests-build/build/Arrow.samd.2/_pkg_mgr/packages/arduino/tools/CMSIS-Atmel/1.2.0/CMSIS/Device/ATMEL/  -I/mnt/LIN_BUILD/src/Arduino-CMake-toolchain/Arduino-CMake-toolchain/Tests-build/build/Arrow.samd.2/_pkg_mgr/packages/arduino/hardware/samd/1.8.6/cores/arduino -I/mnt/LIN_BUILD/src/Arduino-CMake-toolchain/Arduino-CMake-toolchain/Tests-build/build/Arrow.samd.2/_pkg_mgr/packages/Arrow/hardware/samd/4.0.0/variants/Bee   /mnt/LIN_BUILD/src/Arduino-CMake-toolchain/Arduino-CMake-toolchain/Tests-build/build/Arrow.samd.2/_pkg_mgr/packages/arduino/hardware/samd/1.8.6/cores/arduino/pulse_asm.S -o CMakeFiles/_arduino_lib_core_cobjects_.dir/mnt/LIN_BUILD/src/Arduino-CMake-toolchain/Arduino-CMake-toolchain/Tests-build/build/Arrow.samd.2/_pkg_mgr/packages/arduino/hardware/samd/1.8.6/cores/arduino/pulse_asm.S.obj
[  6%] Building C object CMakeFiles/_arduino_lib_core_cobjects_.dir/mnt/LIN_BUILD/src/Arduino-CMake-toolchain/Arduino-CMake-toolchain/Tests-build/build/Arrow.samd.2/_pkg_mgr/packages/arduino/hardware/samd/1.8.6/cores/arduino/USB/samd21_host.c.o
/mnt/LIN_BUILD/src/Arduino-CMake-toolchain/Arduino-CMake-toolchain/Tests-build/build/Arrow.samd.2/_pkg_mgr/packages/arduino/tools/arm-none-eabi-gcc/7-2017q4/bin/arm-none-eabi-gcc  -mcpu=cortex-m0plus -mthumb -c -g -Os -w -std=gnu11 -ffunction-sections -fdata-sections -nostdlib --param max-inline-insns-single=500 -MMD -DF_CPU=48000000L -DARDUINO=10812 -DARDUINO_SAMD_SMARTEVERYTHING_BEE -DARDUINO_ARCH_SAMD  -D__SAMD21J18A__ -DUSB_VID=0x2341 -DUSB_PID=0xe008 -DUSBCON "-DUSB_MANUFACTURER=\"Arrows\"" "-DUSB_PRODUCT=\"SmartEverything Bee\"" -I/mnt/LIN_BUILD/src/Arduino-CMake-toolchain/Arduino-CMake-toolchain/Tests-build/build/Arrow.samd.2/_pkg_mgr/packages/arduino/tools/CMSIS/4.5.0/CMSIS/Include/ -I/mnt/LIN_BUILD/src/Arduino-CMake-toolchain/Arduino-CMake-toolchain/Tests-build/build/Arrow.samd.2/_pkg_mgr/packages/arduino/tools/CMSIS-Atmel/1.2.0/CMSIS/Device/ATMEL/  -I/mnt/LIN_BUILD/src/Arduino-CMake-toolchain/Arduino-CMake-toolchain/Tests-build/build/Arrow.samd.2/_pkg_mgr/packages/arduino/hardware/samd/1.8.6/cores/arduino -I/mnt/LIN_BUILD/src/Arduino-CMake-toolchain/Arduino-CMake-toolchain/Tests-build/build/Arrow.samd.2/_pkg_mgr/packages/Arrow/hardware/samd/4.0.0/variants/Bee   /mnt/LIN_BUILD/src/Arduino-CMake-toolchain/Arduino-CMake-toolchain/Tests-build/build/Arrow.samd.2/_pkg_mgr/packages/arduino/hardware/samd/1.8.6/cores/arduino/USB/samd21_host.c -o CMakeFiles/_arduino_lib_core_cobjects_.dir/mnt/LIN_BUILD/src/Arduino-CMake-toolchain/Arduino-CMake-toolchain/Tests-build/build/Arrow.samd.2/_pkg_mgr/packages/arduino/hardware/samd/1.8.6/cores/arduino/USB/samd21_host.c.o
In file included from /mnt/LIN_BUILD/src/Arduino-CMake-toolchain/Arduino-CMake-toolchain/Tests-build/build/Arrow.samd.2/_pkg_mgr/packages/arduino/hardware/samd/1.8.6/cores/arduino/Arduino.h:81:0,
                 from /mnt/LIN_BUILD/src/Arduino-CMake-toolchain/Arduino-CMake-toolchain/Tests-build/build/Arrow.samd.2/_pkg_mgr/packages/arduino/hardware/samd/1.8.6/cores/arduino/USB/samd21_host.c:19:
/mnt/LIN_BUILD/src/Arduino-CMake-toolchain/Arduino-CMake-toolchain/Tests-build/build/Arrow.samd.2/_pkg_mgr/packages/arduino/hardware/samd/1.8.6/cores/arduino/delay.h:23:10: fatal error: variant.h: No such file or directory
 #include "variant.h"
          ^~~~~~~~~~~
compilation terminated.
CMakeFiles/_arduino_lib_core_cobjects_.dir/build.make:87: recipe for target 'CMakeFiles/_arduino_lib_core_cobjects_.dir/mnt/LIN_BUILD/src/Arduino-CMake-toolchain/Arduino-CMake-toolchain/Tests-build/build/Arrow.samd.2/_pkg_mgr/packages/arduino/hardware/samd/1.8.6/cores/arduino/USB/samd21_host.c.o' failed
make[2]: *** [CMakeFiles/_arduino_lib_core_cobjects_.dir/mnt/LIN_BUILD/src/Arduino-CMake-toolchain/Arduino-CMake-toolchain/Tests-build/build/Arrow.samd.2/_pkg_mgr/packages/arduino/hardware/samd/1.8.6/cores/arduino/USB/samd21_host.c.o] Error 1
make[2]: Leaving directory '/mnt/LIN_BUILD/src/Arduino-CMake-toolchain/Arduino-CMake-toolchain/Tests-build/build/Arrow.samd.2/samd.SmartEverything_Fox3_native'
CMakeFiles/Makefile2:156: recipe for target 'CMakeFiles/_arduino_lib_core_cobjects_.dir/all' failed
make[1]: *** [CMakeFiles/_arduino_lib_core_cobjects_.dir/all] Error 2
make[1]: Leaving directory '/mnt/LIN_BUILD/src/Arduino-CMake-toolchain/Arduino-CMake-toolchain/Tests-build/build/Arrow.samd.2/samd.SmartEverything_Fox3_native'
Makefile:103: recipe for target 'all' failed
make: *** [all] Error 2
